05-05-2021 03:41:46.351,-,SERIAL,"COM5 - 9600/8/N/1/N"

05-04-2021 20:18:49.360,58,RECV,63
05-04-2021 20:18:49.609,59,SENT,67
05-04-2021 20:18:49.626,60,RECV,67
05-04-2021 20:18:50.125,61,SENT,70
05-04-2021 20:18:50.141,62,RECV,70
05-04-2021 20:18:50.281,63,SENT,73
05-04-2021 20:18:50.328,64,RECV,73
05-04-2021 20:18:51.002,65,SENT,3D
05-04-2021 20:18:51.033,66,RECV,3D
05-04-2021 20:18:51.569,67,SENT,3F
05-04-2021 20:18:51.600,68,RECV,3F
05-04-2021 20:18:51.772,69,SENT,0D
05-04-2021 20:18:51.787,70,RECV,0D
05-04-2021 20:18:51.787,71,RECV,0D0A2B434750533A2028302D31292C28312D33290D0A0D0A4F4B0D0A
05-04-2021 20:19:19.909,72,SENT,61
05-04-2021 20:19:19.924,73,RECV,61
05-04-2021 20:19:20.112,74,SENT,74
05-04-2021 20:19:20.174,75,RECV,74
05-04-2021 20:19:20.612,76,SENT,2B
05-04-2021 20:19:20.675,77,RECV,2B
05-04-2021 20:19:22.251,78,SENT,63
05-04-2021 20:19:22.297,79,RECV,63
05-04-2021 20:19:22.516,80,SENT,67
05-04-2021 20:19:22.548,81,RECV,67
05-04-2021 20:19:23.173,82,SENT,70
05-04-2021 20:19:23.235,83,RECV,70
05-04-2021 20:19:23.344,84,SENT,73
05-04-2021 20:19:23.360,85,RECV,73
05-04-2021 20:19:23.867,86,SENT,3F
05-04-2021 20:19:23.914,87,RECV,3F
05-04-2021 20:19:24.507,88,SENT,0D
05-04-2021 20:19:24.539,89,RECV,0D0D0A2B434750533A20302C310D0A0D0A4F4B0D0A
05-04-2021 20:19:56.576,90,SENT,61
05-04-2021 20:19:56.607,91,RECV,61
05-04-2021 20:19:56.653,92,SENT,74
05-04-2021 20:19:56.670,93,RECV,74
05-04-2021 20:20:00.235,94,SENT,0D
05-04-2021 20:20:00.251,95,RECV,0D0D0A4F4B0D0A
05-04-2021 20:20:54.501,96,SENT,61742B636770733D310D
05-04-2021 20:20:54.517,97,RECV,61742B636770733D310D
05-04-2021 20:20:54.572,98,RECV,0D0A4F4B0D0A
05-04-2021 20:22:16.918,99,SENT,61742B636770733D300D
05-04-2021 20:22:16.926,100,RECV,61742B636770733D300D
05-04-2021 20:22:16.981,101,RECV,0D0A4F4B0D0A
05-04-2021 20:22:19.000,102,RECV,0D0A2B434750533A20300D0A
05-05-2021 00:26:45.420,103,SENT,61740D
05-05-2021 00:26:45.440,104,RECV,61740D0D0A4F4B0D0A
05-05-2021 00:44:54.159,105,SENT,61742B6370696E3F0D
05-05-2021 00:44:54.214,106,RECV,61742B6370696E3F0D0D0A2B434D45204552524F523A2053494D206661696C7572650D0A
05-05-2021 00:45:42.274,107,SENT,61
05-05-2021 00:45:42.320,108,RECV,61
05-05-2021 00:45:42.359,109,SENT,74
05-05-2021 00:45:42.382,110,RECV,74
05-05-2021 00:45:42.780,111,SENT,2B
05-05-2021 00:45:42.811,112,RECV,2B
05-05-2021 00:45:45.153,113,SENT,63
05-05-2021 00:45:45.184,114,RECV,63
05-05-2021 00:45:45.322,115,SENT,69
05-05-2021 00:45:45.369,116,RECV,69
05-05-2021 00:45:45.650,117,SENT,63
05-05-2021 00:45:45.682,118,RECV,63
05-05-2021 00:45:45.807,119,SENT,63
05-05-2021 00:45:45.869,120,RECV,63
05-05-2021 00:45:46.002,121,SENT,69
05-05-2021 00:45:46.057,122,RECV,69
05-05-2021 00:45:46.110,123,SENT,64
05-05-2021 00:45:46.172,124,RECV,64
05-05-2021 00:45:46.766,125,SENT,0D
05-05-2021 00:45:46.797,126,RECV,0D0D0A2B434D45204552524F523A2053494D206661696C7572650D0A
05-05-2021 00:45:57.868,127,SENT,61
05-05-2021 00:45:57.930,128,RECV,61
05-05-2021 00:45:58.062,129,SENT,74
05-05-2021 00:45:58.125,130,RECV,74
05-05-2021 00:45:58.828,131,SENT,0D
05-05-2021 00:45:58.876,132,RECV,0D0D0A4F4B0D0A
05-05-2021 00:46:09.178,133,SENT,61
05-05-2021 00:46:09.413,134,SENT,74
05-05-2021 00:46:10.537,135,SENT,0D
05-05-2021 00:46:20.518,136,RECV,0D0A53544152540D0A0D0A2B5354494E3A2032350D0A
05-05-2021 00:46:20.752,137,RECV,0D0A2B4350494E3A2052454144590D0A
05-05-2021 00:46:21.137,138,RECV,0D0A4F504C20444F4E450D0A
05-05-2021 00:46:21.446,139,RECV,0D0A504E4E20444F4E450D0A
05-05-2021 00:46:21.689,140,RECV,0D0A534D5320444F4E450D0A
05-05-2021 00:46:21.798,141,RECV,0D0A2B564F4943454D41494C3A20494E49545F53544154452C20302C20300D0A
05-05-2021 00:46:22.359,142,RECV,0D0A504220444F4E450D0A
05-05-2021 00:46:26.080,143,SENT,61
05-05-2021 00:46:26.110,144,RECV,61
05-05-2021 00:46:26.172,145,SENT,74
05-05-2021 00:46:26.172,146,RECV,74
05-05-2021 00:46:26.272,147,SENT,0D
05-05-2021 00:46:26.288,148,RECV,0D0D0A4F4B0D0A
05-05-2021 00:46:33.719,149,SENT,61742B6370696E3F0D
05-05-2021 00:46:33.765,150,RECV,61742B6370696E3F0D0D0A2B4350494E3A2052454144590D0A0D0A4F4B0D0A
05-05-2021 00:46:44.250,151,SENT,61742B63676174743D310D
05-05-2021 00:46:44.279,152,RECV,61742B63676174743D310D
05-05-2021 00:46:48.434,153,RECV,0D0A2B434D45204552524F523A206E6F206E6574776F726B20736572766963650D0A
05-05-2021 00:50:53.854,154,SENT,61742B63677265673D3F0D
05-05-2021 00:50:53.883,155,RECV,61742B63677265673D3F0D0D0A2B43475245473A2028302D32290D0A0D0A4F4B0D0A
05-05-2021 00:51:43.425,156,SENT,61
05-05-2021 00:51:43.487,157,RECV,61
05-05-2021 00:51:43.628,158,SENT,74
05-05-2021 00:51:43.675,159,RECV,74
05-05-2021 00:51:44.129,160,SENT,2B
05-05-2021 00:51:44.176,161,RECV,2B
05-05-2021 00:51:44.707,162,SENT,63
05-05-2021 00:51:44.738,163,RECV,63
05-05-2021 00:51:45.013,164,SENT,67
05-05-2021 00:51:45.047,165,RECV,67
05-05-2021 00:51:45.125,166,SENT,72
05-05-2021 00:51:45.172,167,RECV,72
05-05-2021 00:51:45.407,168,SENT,65
05-05-2021 00:51:45.422,169,RECV,65
05-05-2021 00:51:45.907,170,SENT,67
05-05-2021 00:51:45.922,171,RECV,67
05-05-2021 00:51:47.672,172,SENT,3F
05-05-2021 00:51:47.734,173,RECV,3F
05-05-2021 00:51:48.470,174,SENT,0D
05-05-2021 00:51:48.501,175,RECV,0D0D0A2B43475245473A20302C300D0A0D0A4F4B0D0A
05-05-2021 00:58:41.022,176,SENT,61
05-05-2021 00:58:41.085,177,RECV,61
05-05-2021 00:58:41.225,178,SENT,74
05-05-2021 00:58:41.273,179,RECV,74
05-05-2021 00:58:41.742,180,SENT,2B
05-05-2021 00:58:41.773,181,RECV,2B
05-05-2021 00:58:42.664,182,SENT,63
05-05-2021 00:58:42.711,183,RECV,63
05-05-2021 00:58:42.769,184,SENT,6F
05-05-2021 00:58:42.831,185,RECV,6F
05-05-2021 00:58:42.909,186,SENT,70
05-05-2021 00:58:42.956,187,RECV,70
05-05-2021 00:58:43.066,188,SENT,73
05-05-2021 00:58:43.081,189,RECV,73
05-05-2021 00:58:45.619,190,SENT,3D
05-05-2021 00:58:45.666,191,RECV,3D
05-05-2021 00:58:46.198,192,SENT,3F
05-05-2021 00:58:46.229,193,RECV,3F
05-05-2021 00:58:46.804,194,SENT,0D
05-05-2021 00:58:46.866,195,RECV,0D
05-05-2021 00:59:38.655,196,RECV,0D0A2B434F50533A2028312C2241542654222C2241542654222C22333130343130222C32292C2C28302C312C322C332C342C35292C28302C312C32290D0A0D0A4F4B0D0A
05-05-2021 01:02:02.444,197,SENT,61
05-05-2021 01:02:02.506,198,RECV,61
05-05-2021 01:02:02.655,199,SENT,74
05-05-2021 01:02:02.687,200,RECV,74
05-05-2021 01:02:03.421,201,SENT,2B
05-05-2021 01:02:03.437,202,RECV,2B
05-05-2021 01:02:04.373,203,SENT,63
05-05-2021 01:02:04.435,204,RECV,63
05-05-2021 01:02:04.435,205,SENT,6F
05-05-2021 01:02:04.498,206,RECV,6F
05-05-2021 01:02:04.629,207,SENT,70
05-05-2021 01:02:04.676,208,RECV,70
05-05-2021 01:02:04.832,209,SENT,73
05-05-2021 01:02:04.864,210,RECV,73
05-05-2021 01:02:05.942,211,SENT,3F
05-05-2021 01:02:05.958,212,RECV,3F
05-05-2021 01:02:06.157,213,SENT,0D
05-05-2021 01:02:06.204,214,RECV,0D0D0A2B434F50533A20300D0A0D0A4F4B0D0A
05-05-2021 01:06:53.805,215,SENT,61
05-05-2021 01:06:53.868,216,RECV,61
05-05-2021 01:06:53.914,217,SENT,74
05-05-2021 01:06:53.930,218,RECV,74
05-05-2021 01:06:54.825,219,SENT,2B
05-05-2021 01:06:54.871,220,RECV,2B
05-05-2021 01:06:55.503,221,SENT,63
05-05-2021 01:06:55.550,222,RECV,63
05-05-2021 01:06:55.785,223,SENT,67
05-05-2021 01:06:55.800,224,RECV,67
05-05-2021 01:06:55.879,225,SENT,61
05-05-2021 01:06:55.925,226,RECV,61
05-05-2021 01:06:56.270,227,SENT,74
05-05-2021 01:06:56.301,228,RECV,74
05-05-2021 01:06:56.458,229,SENT,74
05-05-2021 01:06:56.489,230,RECV,74
05-05-2021 01:06:57.219,231,SENT,3D
05-05-2021 01:06:57.234,232,RECV,3D
05-05-2021 01:06:58.256,233,SENT,3F
05-05-2021 01:06:58.303,234,RECV,3F
05-05-2021 01:06:58.459,235,SENT,0D
05-05-2021 01:06:58.490,236,RECV,0D0D0A2B43474154543A2028302C31290D0A0D0A4F4B0D0A
05-05-2021 01:07:18.712,237,SENT,61
05-05-2021 01:07:18.744,238,RECV,61
05-05-2021 01:07:18.884,239,SENT,74
05-05-2021 01:07:18.931,240,RECV,74
05-05-2021 01:07:20.974,241,SENT,2B
05-05-2021 01:07:21.006,242,RECV,2B
05-05-2021 01:07:21.640,243,SENT,63
05-05-2021 01:07:21.687,244,RECV,63
05-05-2021 01:07:21.899,245,SENT,67
05-05-2021 01:07:21.939,246,RECV,67
05-05-2021 01:07:22.054,247,SENT,61
05-05-2021 01:07:22.067,248,RECV,61
05-05-2021 01:07:22.309,249,SENT,74
05-05-2021 01:07:22.323,250,RECV,74
05-05-2021 01:07:22.478,251,SENT,74
05-05-2021 01:07:22.513,252,RECV,74
05-05-2021 01:07:23.327,253,SENT,3F
05-05-2021 01:07:23.390,254,RECV,3F
05-05-2021 01:07:24.077,255,SENT,0D
05-05-2021 01:07:24.132,256,RECV,0D0D0A2B43474154543A20300D0A0D0A4F4B0D0A
05-05-2021 01:07:26.913,257,SENT,61
05-05-2021 01:07:26.929,258,RECV,61
05-05-2021 01:07:27.101,259,SENT,74
05-05-2021 01:07:27.116,260,RECV,74
05-05-2021 01:07:28.266,261,SENT,2B
05-05-2021 01:07:28.297,262,RECV,2B
05-05-2021 01:07:28.564,263,SENT,63
05-05-2021 01:07:28.610,264,RECV,63
05-05-2021 01:07:28.900,265,SENT,67
05-05-2021 01:07:28.915,266,RECV,67
05-05-2021 01:07:29.040,267,SENT,61
05-05-2021 01:07:29.103,268,RECV,61
05-05-2021 01:07:29.422,269,SENT,74
05-05-2021 01:07:29.485,270,RECV,74
05-05-2021 01:07:29.610,271,SENT,74
05-05-2021 01:07:29.672,272,RECV,74
05-05-2021 01:07:30.728,273,SENT,3D
05-05-2021 01:07:30.790,274,RECV,3D
05-05-2021 01:07:30.837,275,SENT,31
05-05-2021 01:07:30.853,276,RECV,31
05-05-2021 01:07:31.660,277,SENT,0D
05-05-2021 01:07:31.677,278,RECV,0D
05-05-2021 01:07:35.972,279,RECV,0D0A2B434D45204552524F523A206E6F206E6574776F726B20736572766963650D0A
05-05-2021 01:07:48.578,280,SENT,61742B6373713D3F0D
05-05-2021 01:07:48.585,281,RECV,61742B6373713D3F0D0D0A2B4353513A2028302D33312C3939292C28302D372C3939290D0A0D0A4F4B0D0A
05-05-2021 01:07:55.598,282,SENT,617464373139323636323833370D
05-05-2021 01:07:55.627,283,RECV,617464373139323636323833370D
05-05-2021 01:08:15.123,284,SENT,6174680D
05-05-2021 01:08:15.165,285,RECV,0D0A4F4B0D0A
05-05-2021 01:13:36.055,286,SENT,61
05-05-2021 01:13:36.102,287,RECV,61
05-05-2021 01:13:36.183,288,SENT,74
05-05-2021 01:13:36.214,289,RECV,74
05-05-2021 01:13:39.797,290,SENT,2B
05-05-2021 01:13:39.845,291,RECV,2B
05-05-2021 01:13:41.358,292,SENT,63
05-05-2021 01:13:41.405,293,RECV,63
05-05-2021 01:13:41.498,294,SENT,6C
05-05-2021 01:13:41.530,295,RECV,6C
05-05-2021 01:13:41.853,296,SENT,76
05-05-2021 01:13:41.904,297,RECV,76
05-05-2021 01:13:42.076,298,SENT,6C
05-05-2021 01:13:42.092,299,RECV,6C
05-05-2021 01:13:42.894,300,SENT,0D
05-05-2021 01:13:42.910,301,RECV,0D
05-05-2021 01:13:42.972,302,RECV,0D0A4552524F520D0A
05-05-2021 01:13:46.722,303,SENT,61
05-05-2021 01:13:46.769,304,RECV,61
05-05-2021 01:13:46.941,305,SENT,74
05-05-2021 01:13:46.957,306,RECV,74
05-05-2021 01:13:47.379,307,SENT,2B
05-05-2021 01:13:47.394,308,RECV,2B
05-05-2021 01:13:47.913,309,SENT,63
05-05-2021 01:13:47.960,310,RECV,63
05-05-2021 01:13:48.007,311,SENT,6C
05-05-2021 01:13:48.023,312,RECV,6C
05-05-2021 01:13:48.382,313,SENT,76
05-05-2021 01:13:48.398,314,RECV,76
05-05-2021 01:13:48.598,315,SENT,6C
05-05-2021 01:13:48.644,316,RECV,6C
05-05-2021 01:13:49.645,317,SENT,3F
05-05-2021 01:13:49.708,318,RECV,3F
05-05-2021 01:13:49.880,319,SENT,0D
05-05-2021 01:13:49.896,320,RECV,0D0D0A2B434C564C3A20380D0A0D0A4F4B0D0A
05-05-2021 01:14:15.568,321,SENT,61
05-05-2021 01:14:15.616,322,RECV,61
05-05-2021 01:14:15.772,323,SENT,74
05-05-2021 01:14:15.803,324,RECV,74
05-05-2021 01:14:17.166,325,SENT,2B
05-05-2021 01:14:17.243,326,RECV,2B
05-05-2021 01:14:17.744,327,SENT,63
05-05-2021 01:14:17.806,328,RECV,63
05-05-2021 01:14:17.947,329,SENT,70
05-05-2021 01:14:17.993,330,RECV,70
05-05-2021 01:14:18.651,331,SENT,74
05-05-2021 01:14:18.683,332,RECV,74
05-05-2021 01:14:18.851,333,SENT,6F
05-05-2021 01:14:18.867,334,RECV,6F
05-05-2021 01:14:18.867,335,SENT,6E
05-05-2021 01:14:18.929,336,RECV,6E
05-05-2021 01:14:18.992,337,SENT,65
05-05-2021 01:14:19.054,338,RECV,65
05-05-2021 01:14:20.761,339,SENT,3D
05-05-2021 01:14:20.792,340,RECV,3D
05-05-2021 01:14:20.995,341,SENT,31
05-05-2021 01:14:21.042,342,RECV,31
05-05-2021 01:14:21.807,343,SENT,0D
05-05-2021 01:14:21.854,344,RECV,0D0D0A4F4B0D0A
05-05-2021 01:14:27.772,345,SENT,61
05-05-2021 01:14:27.803,346,RECV,61
05-05-2021 01:14:27.912,347,SENT,74
05-05-2021 01:14:27.928,348,RECV,74
05-05-2021 01:14:29.790,349,SENT,2B
05-05-2021 01:14:29.805,350,RECV,2B
05-05-2021 01:14:30.865,351,SENT,63
05-05-2021 01:14:30.927,352,RECV,63
05-05-2021 01:14:30.989,353,SENT,70
05-05-2021 01:14:31.052,354,RECV,70
05-05-2021 01:14:32.691,355,SENT,74
05-05-2021 01:14:32.754,356,RECV,74
05-05-2021 01:14:32.809,357,SENT,6F
05-05-2021 01:14:32.871,358,RECV,6F
05-05-2021 01:14:32.934,359,SENT,6E
05-05-2021 01:14:32.981,360,SENT,65
05-05-2021 01:14:32.996,361,RECV,6E65
05-05-2021 01:14:33.918,362,SENT,3D
05-05-2021 01:14:33.934,363,RECV,3D
05-05-2021 01:14:34.980,364,SENT,36
05-05-2021 01:14:35.011,365,RECV,36
05-05-2021 01:14:35.511,366,SENT,0D
05-05-2021 01:14:35.573,367,RECV,0D0D0A4F4B0D0A
05-05-2021 01:15:56.701,368,SENT,61
05-05-2021 01:15:56.733,369,RECV,61
05-05-2021 01:15:56.842,370,SENT,74
05-05-2021 01:15:56.857,371,RECV,74
05-05-2021 01:15:57.649,372,SENT,2B
05-05-2021 01:15:57.665,373,RECV,2B
05-05-2021 01:15:59.187,374,SENT,63
05-05-2021 01:15:59.234,375,RECV,63
05-05-2021 01:15:59.421,376,SENT,70
05-05-2021 01:15:59.478,377,RECV,70
05-05-2021 01:15:59.666,378,SENT,74
05-05-2021 01:15:59.728,379,RECV,74
05-05-2021 01:15:59.837,380,SENT,6F
05-05-2021 01:15:59.853,381,RECV,6F
05-05-2021 01:15:59.947,382,SENT,6E
05-05-2021 01:15:59.978,383,RECV,6E
05-05-2021 01:16:00.713,384,SENT,65
05-05-2021 01:16:00.728,385,RECV,65
05-05-2021 01:16:02.287,386,SENT,3D
05-05-2021 01:16:02.318,387,RECV,3D
05-05-2021 01:16:02.505,388,SENT,36
05-05-2021 01:16:02.567,389,RECV,36
05-05-2021 01:16:03.271,390,SENT,0D
05-05-2021 01:16:03.318,391,RECV,0D0D0A4F4B0D0A
05-05-2021 01:16:20.324,392,SENT,61
05-05-2021 01:16:20.354,393,RECV,61
05-05-2021 01:16:20.526,394,SENT,74
05-05-2021 01:16:20.542,395,RECV,74
05-05-2021 01:16:21.495,396,SENT,2B
05-05-2021 01:16:21.542,397,RECV,2B
05-05-2021 01:16:21.952,398,SENT,63
05-05-2021 01:16:21.983,399,RECV,63
05-05-2021 01:16:22.076,400,SENT,70
05-05-2021 01:16:22.108,401,RECV,70
05-05-2021 01:16:22.280,402,SENT,74
05-05-2021 01:16:22.295,403,RECV,74
05-05-2021 01:16:22.467,404,SENT,6F
05-05-2021 01:16:22.483,405,RECV,6F
05-05-2021 01:16:22.561,406,SENT,6E
05-05-2021 01:16:22.608,407,RECV,6E
05-05-2021 01:16:22.670,408,SENT,65
05-05-2021 01:16:22.733,409,RECV,65
05-05-2021 01:16:23.968,410,SENT,3D
05-05-2021 01:16:23.983,411,RECV,3D
05-05-2021 01:16:24.827,412,SENT,3F
05-05-2021 01:16:24.858,413,RECV,3F
05-05-2021 01:16:25.014,414,SENT,0D
05-05-2021 01:16:25.046,415,RECV,0D0D0A2B4350544F4E453A2028302D3236290D0A0D0A4F4B0D0A
05-05-2021 01:16:50.905,416,SENT,61
05-05-2021 01:16:50.936,417,RECV,61
05-05-2021 01:16:51.030,418,SENT,74
05-05-2021 01:16:51.061,419,RECV,74
05-05-2021 01:16:51.624,420,SENT,2B
05-05-2021 01:16:51.686,421,RECV,2B
05-05-2021 01:16:52.430,422,SENT,63
05-05-2021 01:16:52.445,423,RECV,63
05-05-2021 01:16:52.539,424,SENT,70
05-05-2021 01:16:52.570,425,RECV,70
05-05-2021 01:16:52.789,426,SENT,74
05-05-2021 01:16:52.820,427,RECV,74
05-05-2021 01:16:52.914,428,SENT,6F
05-05-2021 01:16:52.945,429,RECV,6F
05-05-2021 01:16:52.992,430,SENT,6E
05-05-2021 01:16:53.008,431,RECV,6E
05-05-2021 01:16:53.117,432,SENT,65
05-05-2021 01:16:53.133,433,RECV,65
05-05-2021 01:16:54.159,434,SENT,3F
05-05-2021 01:16:54.208,435,RECV,3F
05-05-2021 01:16:54.392,436,SENT,0D
05-05-2021 01:16:54.455,437,RECV,0D0D0A4552524F520D0A
05-05-2021 01:16:55.626,438,SENT,61
05-05-2021 01:16:55.642,439,RECV,61
05-05-2021 01:16:55.830,440,SENT,74
05-05-2021 01:16:55.892,441,RECV,74
05-05-2021 01:16:56.292,442,SENT,2B
05-05-2021 01:16:56.339,443,RECV,2B
05-05-2021 01:16:56.620,444,SENT,63
05-05-2021 01:16:56.651,445,RECV,63
05-05-2021 01:16:56.745,446,SENT,70
05-05-2021 01:16:56.776,447,RECV,70
05-05-2021 01:16:56.933,448,SENT,74
05-05-2021 01:16:56.964,449,RECV,74
05-05-2021 01:16:57.105,450,SENT,6F
05-05-2021 01:16:57.151,451,RECV,6F
05-05-2021 01:16:57.214,452,SENT,6E
05-05-2021 01:16:57.261,453,SENT,65
05-05-2021 01:16:57.276,454,RECV,6E65
05-05-2021 01:17:00.296,455,SENT,3D
05-05-2021 01:17:00.345,456,RECV,3D
05-05-2021 01:17:01.110,457,SENT,31
05-05-2021 01:17:01.157,458,RECV,31
05-05-2021 01:17:01.220,459,SENT,30
05-05-2021 01:17:01.282,460,RECV,30
05-05-2021 01:17:01.517,461,SENT,0D
05-05-2021 01:17:01.532,462,RECV,0D0D0A4F4B0D0A
05-05-2021 01:17:25.086,463,SENT,61
05-05-2021 01:17:25.117,464,RECV,61
05-05-2021 01:17:25.179,465,SENT,74
05-05-2021 01:17:25.241,466,RECV,74
05-05-2021 01:17:25.921,467,SENT,3D
05-05-2021 01:17:25.928,468,RECV,3D
05-05-2021 01:17:28.890,469,SENT,0D
05-05-2021 01:17:28.937,470,RECV,0D0D0A4552524F520D0A
05-05-2021 01:17:34.324,471,SENT,61
05-05-2021 01:17:34.386,472,RECV,61
05-05-2021 01:17:34.449,473,SENT,74
05-05-2021 01:17:34.511,474,RECV,74
05-05-2021 01:17:36.214,475,SENT,2B
05-05-2021 01:17:36.262,476,RECV,2B
05-05-2021 01:17:37.312,477,SENT,63
05-05-2021 01:17:37.374,478,RECV,63
05-05-2021 01:17:37.436,479,SENT,70
05-05-2021 01:17:37.499,480,RECV,70
05-05-2021 01:17:37.686,481,SENT,74
05-05-2021 01:17:37.749,482,RECV,74
05-05-2021 01:17:37.811,483,SENT,6F
05-05-2021 01:17:37.874,484,RECV,6F
05-05-2021 01:17:37.921,485,SENT,6E
05-05-2021 01:17:37.936,486,RECV,6E
05-05-2021 01:17:37.936,487,SENT,65
05-05-2021 01:17:37.999,488,RECV,65
05-05-2021 01:17:40.192,489,SENT,3D
05-05-2021 01:17:40.208,490,RECV,3D
05-05-2021 01:17:40.467,491,SENT,31
05-05-2021 01:17:40.530,492,RECV,31
05-05-2021 01:17:40.920,493,SENT,0D
05-05-2021 01:17:40.968,494,RECV,0D0D0A4F4B0D0A
05-05-2021 01:17:45.657,495,SENT,61
05-05-2021 01:17:45.704,496,RECV,61
05-05-2021 01:17:45.782,497,SENT,74
05-05-2021 01:17:45.829,498,RECV,74
05-05-2021 01:17:46.329,499,SENT,2B
05-05-2021 01:17:46.390,500,RECV,2B
05-05-2021 01:17:46.639,501,SENT,63
05-05-2021 01:17:46.702,502,RECV,63
05-05-2021 01:17:46.749,503,SENT,70
05-05-2021 01:17:46.764,504,RECV,70
05-05-2021 01:17:46.968,505,SENT,74
05-05-2021 01:17:47.015,506,RECV,74
05-05-2021 01:17:47.210,507,SENT,6F
05-05-2021 01:17:47.210,508,SENT,6E
05-05-2021 01:17:47.257,509,RECV,6F6E
05-05-2021 01:17:47.366,510,SENT,65
05-05-2021 01:17:47.382,511,RECV,65
05-05-2021 01:17:47.913,512,SENT,3D
05-05-2021 01:17:47.945,513,RECV,3D
05-05-2021 01:17:48.038,514,SENT,31
05-05-2021 01:17:48.069,515,RECV,31
05-05-2021 01:17:48.423,516,SENT,0D
05-05-2021 01:17:48.439,517,RECV,0D0D0A4F4B0D0A
05-05-2021 01:17:49.738,518,SENT,61
05-05-2021 01:17:49.753,519,RECV,61
05-05-2021 01:17:49.878,520,SENT,74
05-05-2021 01:17:49.940,521,RECV,74
05-05-2021 01:17:50.315,522,SENT,2B
05-05-2021 01:17:50.378,523,RECV,2B
05-05-2021 01:17:50.761,524,SENT,63
05-05-2021 01:17:50.808,525,RECV,63
05-05-2021 01:17:50.886,526,SENT,70
05-05-2021 01:17:50.933,527,RECV,70
05-05-2021 01:17:51.443,528,SENT,74
05-05-2021 01:17:51.489,529,RECV,74
05-05-2021 01:17:51.552,530,SENT,6F
05-05-2021 01:17:51.614,531,RECV,6F
05-05-2021 01:17:51.677,532,SENT,6E
05-05-2021 01:17:51.692,533,SENT,65
05-05-2021 01:17:51.739,534,RECV,6E65
05-05-2021 01:17:52.578,535,SENT,3D
05-05-2021 01:17:52.625,536,RECV,3D
05-05-2021 01:17:52.703,537,SENT,32
05-05-2021 01:17:52.750,538,RECV,32
05-05-2021 01:17:52.828,539,SENT,0D
05-05-2021 01:17:52.875,540,RECV,0D0D0A4F4B0D0A
05-05-2021 01:17:53.860,541,SENT,61
05-05-2021 01:17:53.876,542,RECV,61
05-05-2021 01:17:54.017,543,SENT,74
05-05-2021 01:17:54.063,544,RECV,74
05-05-2021 01:17:54.434,545,SENT,2B
05-05-2021 01:17:54.450,546,RECV,2B
05-05-2021 01:17:54.809,547,SENT,63
05-05-2021 01:17:54.825,548,RECV,63
05-05-2021 01:17:54.918,549,SENT,70
05-05-2021 01:17:54.950,550,RECV,70
05-05-2021 01:17:55.090,551,SENT,74
05-05-2021 01:17:55.137,552,RECV,74
05-05-2021 01:17:55.258,553,SENT,6F
05-05-2021 01:17:55.320,554,RECV,6F
05-05-2021 01:17:55.351,555,SENT,6E
05-05-2021 01:17:55.383,556,RECV,6E
05-05-2021 01:17:56.336,557,SENT,3D
05-05-2021 01:17:56.383,558,RECV,3D
05-05-2021 01:17:56.484,559,SENT,33
05-05-2021 01:17:56.500,560,RECV,33
05-05-2021 01:17:57.015,561,SENT,0D
05-05-2021 01:17:57.063,562,RECV,0D0D0A4552524F520D0A
05-05-2021 01:17:58.407,563,SENT,61
05-05-2021 01:17:58.438,564,RECV,61
05-05-2021 01:17:58.527,565,SENT,74
05-05-2021 01:17:58.558,566,RECV,74
05-05-2021 01:17:58.950,567,SENT,2B
05-05-2021 01:17:58.996,568,RECV,2B
05-05-2021 01:17:59.408,569,SENT,63
05-05-2021 01:17:59.439,570,RECV,63
05-05-2021 01:17:59.502,571,SENT,70
05-05-2021 01:17:59.565,572,RECV,70
05-05-2021 01:17:59.799,573,SENT,74
05-05-2021 01:17:59.814,574,RECV,74
05-05-2021 01:17:59.939,575,SENT,6F
05-05-2021 01:18:00.002,576,RECV,6F
05-05-2021 01:18:00.033,577,SENT,6E
05-05-2021 01:18:00.064,578,RECV,6E
05-05-2021 01:18:00.064,579,SENT,65
05-05-2021 01:18:00.127,580,RECV,65
05-05-2021 01:18:01.311,581,SENT,3D
05-05-2021 01:18:01.373,582,RECV,3D
05-05-2021 01:18:01.420,583,SENT,34
05-05-2021 01:18:01.436,584,RECV,34
05-05-2021 01:18:01.904,585,SENT,0D
05-05-2021 01:18:01.936,586,RECV,0D0D0A4F4B0D0A
05-05-2021 01:18:02.745,587,SENT,61
05-05-2021 01:18:02.776,588,RECV,61
05-05-2021 01:18:02.870,589,SENT,74
05-05-2021 01:18:02.901,590,RECV,74
05-05-2021 01:18:03.732,591,SENT,2B
05-05-2021 01:18:03.779,592,RECV,2B
05-05-2021 01:18:04.153,593,SENT,63
05-05-2021 01:18:04.153,594,RECV,63
05-05-2021 01:18:04.279,595,SENT,70
05-05-2021 01:18:04.341,596,RECV,70
05-05-2021 01:18:04.538,597,SENT,74
05-05-2021 01:18:04.584,598,RECV,74
05-05-2021 01:18:04.662,599,SENT,6F
05-05-2021 01:18:04.709,600,RECV,6F
05-05-2021 01:18:04.772,601,SENT,6E
05-05-2021 01:18:04.803,602,SENT,65
05-05-2021 01:18:04.834,603,RECV,6E65
05-05-2021 01:18:05.210,604,SENT,3D
05-05-2021 01:18:05.272,605,RECV,3D
05-05-2021 01:18:05.476,606,SENT,35
05-05-2021 01:18:05.523,607,RECV,35
05-05-2021 01:18:05.726,608,SENT,0D
05-05-2021 01:18:05.773,609,RECV,0D0D0A4F4B0D0A
05-05-2021 01:18:06.629,610,SENT,61
05-05-2021 01:18:06.660,611,RECV,61
05-05-2021 01:18:06.754,612,SENT,74
05-05-2021 01:18:06.785,613,RECV,74
05-05-2021 01:18:07.286,614,SENT,2B
05-05-2021 01:18:07.349,615,RECV,2B
05-05-2021 01:18:07.670,616,SENT,63
05-05-2021 01:18:07.717,617,RECV,63
05-05-2021 01:18:07.780,618,SENT,70
05-05-2021 01:18:07.842,619,RECV,70
05-05-2021 01:18:08.061,620,SENT,74
05-05-2021 01:18:08.092,621,RECV,74
05-05-2021 01:18:08.186,622,SENT,6F
05-05-2021 01:18:08.217,623,RECV,6F
05-05-2021 01:18:08.233,624,SENT,6E
05-05-2021 01:18:08.280,625,RECV,6E
05-05-2021 01:18:08.295,626,SENT,65
05-05-2021 01:18:08.342,627,RECV,65
05-05-2021 01:18:08.677,628,SENT,3D
05-05-2021 01:18:08.709,629,RECV,3D
05-05-2021 01:18:09.240,630,SENT,36
05-05-2021 01:18:09.272,631,RECV,36
05-05-2021 01:18:09.413,632,SENT,0D
05-05-2021 01:18:09.460,633,RECV,0D0D0A4F4B0D0A
05-05-2021 01:18:10.226,634,SENT,61
05-05-2021 01:18:10.272,635,RECV,61
05-05-2021 01:18:10.335,636,SENT,74
05-05-2021 01:18:10.397,637,RECV,74
05-05-2021 01:18:10.859,638,SENT,2B
05-05-2021 01:18:10.906,639,RECV,2B
05-05-2021 01:18:11.543,640,SENT,63
05-05-2021 01:18:11.606,641,RECV,63
05-05-2021 01:18:11.684,642,SENT,70
05-05-2021 01:18:11.731,643,RECV,70
05-05-2021 01:18:11.981,644,SENT,74
05-05-2021 01:18:12.043,645,RECV,74
05-05-2021 01:18:12.215,646,SENT,6F
05-05-2021 01:18:12.215,647,SENT,6E
05-05-2021 01:18:12.231,648,RECV,6F6E
05-05-2021 01:18:12.340,649,SENT,65
05-05-2021 01:18:12.356,650,RECV,65
05-05-2021 01:18:13.119,651,SENT,3D
05-05-2021 01:18:13.166,652,RECV,3D
05-05-2021 01:18:13.353,653,SENT,37
05-05-2021 01:18:13.416,654,RECV,37
05-05-2021 01:18:13.495,655,SENT,0D
05-05-2021 01:18:13.542,656,RECV,0D0D0A4F4B0D0A
05-05-2021 01:18:14.480,657,SENT,61
05-05-2021 01:18:14.542,658,RECV,61
05-05-2021 01:18:14.706,659,SENT,74
05-05-2021 01:18:14.722,660,RECV,74
05-05-2021 01:18:15.362,661,SENT,2B
05-05-2021 01:18:15.409,662,RECV,2B
05-05-2021 01:18:15.823,663,SENT,63
05-05-2021 01:18:15.901,664,RECV,63
05-05-2021 01:18:15.948,665,SENT,70
05-05-2021 01:18:15.963,666,RECV,70
05-05-2021 01:18:16.229,667,SENT,74
05-05-2021 01:18:16.276,668,RECV,74
05-05-2021 01:18:16.401,669,SENT,6F
05-05-2021 01:18:16.463,670,RECV,6F
05-05-2021 01:18:16.510,671,SENT,6E
05-05-2021 01:18:16.526,672,RECV,6E
05-05-2021 01:18:16.541,673,SENT,65
05-05-2021 01:18:16.589,674,RECV,65
05-05-2021 01:18:16.892,675,SENT,3D
05-05-2021 01:18:16.955,676,RECV,3D
05-05-2021 01:18:17.314,677,SENT,38
05-05-2021 01:18:17.330,678,RECV,38
05-05-2021 01:18:17.925,679,SENT,0D
05-05-2021 01:18:17.956,680,RECV,0D0D0A4F4B0D0A
05-05-2021 01:18:18.582,681,SENT,61
05-05-2021 01:18:18.639,682,RECV,61
05-05-2021 01:18:18.733,683,SENT,74
05-05-2021 01:18:18.764,684,RECV,74
05-05-2021 01:18:19.363,685,SENT,2B
05-05-2021 01:18:19.379,686,RECV,2B
05-05-2021 01:18:20.374,687,SENT,63
05-05-2021 01:18:20.389,688,RECV,63
05-05-2021 01:18:20.498,689,SENT,70
05-05-2021 01:18:20.514,690,RECV,70
05-05-2021 01:18:20.679,691,SENT,74
05-05-2021 01:18:20.695,692,RECV,74
05-05-2021 01:18:20.835,693,SENT,6F
05-05-2021 01:18:20.882,694,RECV,6F
05-05-2021 01:18:20.945,695,SENT,6E
05-05-2021 01:18:20.992,696,SENT,65
05-05-2021 01:18:21.007,697,RECV,6E
05-05-2021 01:18:21.070,698,RECV,65
05-05-2021 01:18:21.523,699,SENT,3D
05-05-2021 01:18:21.571,700,RECV,3D
05-05-2021 01:18:21.774,701,SENT,39
05-05-2021 01:18:21.821,702,RECV,39
05-05-2021 01:18:22.024,703,SENT,0D
05-05-2021 01:18:22.071,704,RECV,0D0D0A4F4B0D0A
05-05-2021 01:18:23.318,705,SENT,61
05-05-2021 01:18:23.349,706,RECV,61
05-05-2021 01:18:23.474,707,SENT,74
05-05-2021 01:18:23.536,708,RECV,74
05-05-2021 01:18:24.010,709,SENT,2B
05-05-2021 01:18:24.041,710,RECV,2B
05-05-2021 01:18:24.679,711,SENT,63
05-05-2021 01:18:24.741,712,RECV,63
05-05-2021 01:18:24.819,713,SENT,70
05-05-2021 01:18:24.866,714,RECV,70
05-05-2021 01:18:25.085,715,SENT,74
05-05-2021 01:18:25.116,716,RECV,74
05-05-2021 01:18:25.210,717,SENT,6F
05-05-2021 01:18:25.241,718,RECV,6F
05-05-2021 01:18:25.241,719,SENT,6E
05-05-2021 01:18:25.304,720,RECV,6E
05-05-2021 01:18:25.319,721,SENT,65
05-05-2021 01:18:25.366,722,RECV,65
05-05-2021 01:18:25.600,723,SENT,3D
05-05-2021 01:18:25.616,724,RECV,3D
05-05-2021 01:18:25.908,725,SENT,39
05-05-2021 01:18:25.929,726,RECV,39
05-05-2021 01:18:26.188,727,SENT,0D
05-05-2021 01:18:26.239,728,RECV,0D0D0A4F4B0D0A
05-05-2021 01:18:27.076,729,SENT,61
05-05-2021 01:18:27.122,730,RECV,61
05-05-2021 01:18:27.200,731,SENT,74
05-05-2021 01:18:27.247,732,RECV,74
05-05-2021 01:18:27.713,733,SENT,2B
05-05-2021 01:18:27.760,734,RECV,2B
05-05-2021 01:18:29.430,735,SENT,63
05-05-2021 01:18:29.446,736,RECV,63
05-05-2021 01:18:29.540,737,SENT,70
05-05-2021 01:18:29.571,738,RECV,70
05-05-2021 01:18:29.759,739,SENT,74
05-05-2021 01:18:29.759,740,SENT,6D
05-05-2021 01:18:29.822,741,RECV,746D
05-05-2021 01:18:29.962,742,SENT,6F
05-05-2021 01:18:29.978,743,SENT,6E
05-05-2021 01:18:30.009,744,RECV,6F6E
05-05-2021 01:18:31.287,745,SENT,0D
05-05-2021 01:18:31.334,746,RECV,0D0D0A4552524F520D0A
05-05-2021 01:18:31.844,747,SENT,61
05-05-2021 01:18:31.890,748,RECV,61
05-05-2021 01:18:31.968,749,SENT,74
05-05-2021 01:18:32.015,750,RECV,74
05-05-2021 01:18:32.422,751,SENT,2B
05-05-2021 01:18:32.453,752,RECV,2B
05-05-2021 01:18:32.791,753,SENT,63
05-05-2021 01:18:32.822,754,RECV,63
05-05-2021 01:18:32.931,755,SENT,70
05-05-2021 01:18:32.947,756,RECV,70
05-05-2021 01:18:33.150,757,SENT,74
05-05-2021 01:18:33.197,758,RECV,74
05-05-2021 01:18:33.369,759,SENT,6F
05-05-2021 01:18:33.384,760,RECV,6F
05-05-2021 01:18:33.400,761,SENT,6E
05-05-2021 01:18:33.447,762,RECV,6E
05-05-2021 01:18:33.509,763,SENT,65
05-05-2021 01:18:33.572,764,RECV,65
05-05-2021 01:18:34.756,765,SENT,3D
05-05-2021 01:18:34.818,766,RECV,3D
05-05-2021 01:18:34.938,767,SENT,31
05-05-2021 01:18:35.000,768,RECV,31
05-05-2021 01:18:35.047,769,SENT,30
05-05-2021 01:18:35.063,770,RECV,30
05-05-2021 01:18:35.297,771,SENT,0D
05-05-2021 01:18:35.313,772,RECV,0D0D0A4F4B0D0A
05-05-2021 01:18:36.428,773,SENT,61
05-05-2021 01:18:36.490,774,RECV,61
05-05-2021 01:18:36.568,775,SENT,74
05-05-2021 01:18:36.615,776,RECV,74
05-05-2021 01:18:37.049,777,SENT,2B
05-05-2021 01:18:37.065,778,RECV,2B
05-05-2021 01:18:40.588,779,SENT,63
05-05-2021 01:18:40.634,780,RECV,63
05-05-2021 01:18:40.727,781,SENT,70
05-05-2021 01:18:40.760,782,RECV,70
05-05-2021 01:18:41.393,783,SENT,74
05-05-2021 01:18:41.440,784,RECV,74
05-05-2021 01:18:41.518,785,SENT,6F
05-05-2021 01:18:41.565,786,SENT,6E
05-05-2021 01:18:41.581,787,RECV,6F6E
05-05-2021 01:18:41.658,788,SENT,65
05-05-2021 01:18:41.706,789,RECV,65
05-05-2021 01:18:42.968,790,SENT,3D
05-05-2021 01:18:43.015,791,RECV,3D
05-05-2021 01:18:43.109,792,SENT,31
05-05-2021 01:18:43.140,793,RECV,31
05-05-2021 01:18:44.539,794,SENT,0D
05-05-2021 01:18:44.571,795,RECV,0D0D0A4F4B0D0A
05-05-2021 01:18:45.031,796,SENT,61
05-05-2021 01:18:45.063,797,RECV,61
05-05-2021 01:18:45.172,798,SENT,74
05-05-2021 01:18:45.188,799,RECV,74
05-05-2021 01:18:47.419,800,SENT,2B
05-05-2021 01:18:47.450,801,RECV,2B
05-05-2021 01:18:47.825,802,SENT,63
05-05-2021 01:18:47.841,803,RECV,63
05-05-2021 01:18:47.945,804,SENT,70
05-05-2021 01:18:47.968,805,RECV,70
05-05-2021 01:18:48.125,806,SENT,74
05-05-2021 01:18:48.160,807,RECV,74
05-05-2021 01:18:48.339,808,SENT,6F
05-05-2021 01:18:48.339,809,SENT,6E
05-05-2021 01:18:48.402,810,RECV,6F6E
05-05-2021 01:18:48.464,811,SENT,65
05-05-2021 01:18:48.527,812,RECV,65
05-05-2021 01:18:49.024,813,SENT,3D
05-05-2021 01:18:49.040,814,RECV,3D
05-05-2021 01:18:51.008,815,SENT,31
05-05-2021 01:18:51.055,816,RECV,31
05-05-2021 01:18:51.149,817,SENT,31
05-05-2021 01:18:51.180,818,RECV,31
05-05-2021 01:18:51.336,819,SENT,0D
05-05-2021 01:18:51.367,820,RECV,0D0D0A4F4B0D0A
05-05-2021 01:18:52.127,821,SENT,61
05-05-2021 01:18:52.174,822,RECV,61
05-05-2021 01:18:52.284,823,SENT,74
05-05-2021 01:18:52.299,824,RECV,74
05-05-2021 01:18:52.752,825,SENT,2B
05-05-2021 01:18:52.799,826,RECV,2B
05-05-2021 01:18:53.370,827,SENT,63
05-05-2021 01:18:53.417,828,RECV,63
05-05-2021 01:18:53.495,829,SENT,70
05-05-2021 01:18:53.542,830,RECV,70
05-05-2021 01:18:53.667,831,SENT,74
05-05-2021 01:18:53.729,832,RECV,74
05-05-2021 01:18:53.901,833,SENT,6F
05-05-2021 01:18:53.901,834,SENT,6E
05-05-2021 01:18:53.917,835,RECV,6F6E
05-05-2021 01:18:54.043,836,SENT,65
05-05-2021 01:18:54.105,837,RECV,65
05-05-2021 01:18:54.371,838,SENT,3D
05-05-2021 01:18:54.418,839,RECV,3D
05-05-2021 01:18:54.715,840,SENT,31
05-05-2021 01:18:54.730,841,RECV,31
05-05-2021 01:18:54.882,842,SENT,31
05-05-2021 01:18:54.913,843,RECV,31
05-05-2021 01:18:55.101,844,SENT,0D
05-05-2021 01:18:55.163,845,RECV,0D0D0A4F4B0D0A
05-05-2021 01:18:56.157,846,SENT,2B
05-05-2021 01:18:57.545,847,SENT,0D
05-05-2021 01:18:59.546,848,SENT,61
05-05-2021 01:18:59.561,849,RECV,61
05-05-2021 01:18:59.686,850,SENT,74
05-05-2021 01:18:59.748,851,RECV,74
05-05-2021 01:18:59.936,852,SENT,0D
05-05-2021 01:18:59.998,853,RECV,0D0D0A4F4B0D0A
05-05-2021 01:19:00.941,854,SENT,61
05-05-2021 01:19:00.988,855,RECV,61
05-05-2021 01:19:01.050,856,SENT,74
05-05-2021 01:19:01.113,857,RECV,74
05-05-2021 01:19:02.162,858,SENT,2B
05-05-2021 01:19:02.178,859,RECV,2B
05-05-2021 01:19:02.912,860,SENT,63
05-05-2021 01:19:02.928,861,RECV,63
05-05-2021 01:19:03.047,862,SENT,70
05-05-2021 01:19:03.110,863,RECV,70
05-05-2021 01:19:03.282,864,SENT,74
05-05-2021 01:19:03.297,865,RECV,74
05-05-2021 01:19:03.422,866,SENT,6F
05-05-2021 01:19:03.485,867,RECV,6F
05-05-2021 01:19:03.579,868,SENT,6E
05-05-2021 01:19:03.579,869,SENT,65
05-05-2021 01:19:03.610,870,RECV,6E65
05-05-2021 01:19:04.386,871,SENT,3D
05-05-2021 01:19:04.417,872,RECV,3D
05-05-2021 01:19:04.542,873,SENT,31
05-05-2021 01:19:04.605,874,RECV,31
05-05-2021 01:19:04.667,875,SENT,32
05-05-2021 01:19:04.730,876,RECV,32
05-05-2021 01:19:04.824,877,SENT,0D
05-05-2021 01:19:04.855,878,RECV,0D0D0A4F4B0D0A
05-05-2021 01:19:05.660,879,SENT,61
05-05-2021 01:19:05.675,880,RECV,61
05-05-2021 01:19:05.800,881,SENT,74
05-05-2021 01:19:05.863,882,RECV,74
05-05-2021 01:19:06.349,883,SENT,2B
05-05-2021 01:19:06.364,884,RECV,2B
05-05-2021 01:19:07.202,885,SENT,63
05-05-2021 01:19:07.248,886,RECV,63
05-05-2021 01:19:07.357,887,SENT,70
05-05-2021 01:19:07.373,888,RECV,70
05-05-2021 01:19:08.030,889,SENT,74
05-05-2021 01:19:08.061,890,RECV,74
05-05-2021 01:19:08.154,891,SENT,6F
05-05-2021 01:19:08.185,892,RECV,6F
05-05-2021 01:19:08.185,893,SENT,6E
05-05-2021 01:19:08.248,894,RECV,6E
05-05-2021 01:19:08.305,895,SENT,65
05-05-2021 01:19:08.367,896,RECV,65
05-05-2021 01:19:09.034,897,SENT,3D
05-05-2021 01:19:09.050,898,RECV,3D
05-05-2021 01:19:09.222,899,SENT,31
05-05-2021 01:19:09.238,900,RECV,31
05-05-2021 01:19:09.363,901,SENT,33
05-05-2021 01:19:09.425,902,RECV,33
05-05-2021 01:19:09.534,903,SENT,0D
05-05-2021 01:19:09.550,904,RECV,0D0D0A4F4B0D0A
05-05-2021 01:19:10.411,905,SENT,61
05-05-2021 01:19:10.427,906,RECV,61
05-05-2021 01:19:10.567,907,SENT,74
05-05-2021 01:19:10.614,908,RECV,74
05-05-2021 01:19:10.958,909,SENT,2B
05-05-2021 01:19:10.989,910,RECV,2B
05-05-2021 01:19:11.533,911,SENT,63
05-05-2021 01:19:11.550,912,RECV,63
05-05-2021 01:19:11.658,913,SENT,70
05-05-2021 01:19:11.674,914,RECV,70
05-05-2021 01:19:11.893,915,SENT,74
05-05-2021 01:19:11.924,916,RECV,74
05-05-2021 01:19:12.033,917,SENT,6F
05-05-2021 01:19:12.049,918,RECV,6F
05-05-2021 01:19:12.174,919,SENT,6E
05-05-2021 01:19:12.190,920,SENT,65
05-05-2021 01:19:12.236,921,RECV,6E65
05-05-2021 01:19:12.567,922,SENT,3D
05-05-2021 01:19:12.614,923,RECV,3D
05-05-2021 01:19:12.833,924,SENT,31
05-05-2021 01:19:12.864,925,RECV,31
05-05-2021 01:19:12.974,926,SENT,34
05-05-2021 01:19:12.989,927,RECV,34
05-05-2021 01:19:13.311,928,SENT,0D
05-05-2021 01:19:13.358,929,RECV,0D0D0A4F4B0D0A
05-05-2021 01:19:14.186,930,SENT,61
05-05-2021 01:19:14.233,931,RECV,61
05-05-2021 01:19:14.406,932,SENT,74
05-05-2021 01:19:14.421,933,RECV,74
05-05-2021 01:19:14.984,934,SENT,2B
05-05-2021 01:19:15.054,935,RECV,2B
05-05-2021 01:19:15.351,936,SENT,63
05-05-2021 01:19:15.382,937,RECV,63
05-05-2021 01:19:15.476,938,SENT,70
05-05-2021 01:19:15.507,939,RECV,70
05-05-2021 01:19:15.679,940,SENT,74
05-05-2021 01:19:15.694,941,RECV,74
05-05-2021 01:19:15.913,942,SENT,6F
05-05-2021 01:19:15.913,943,SENT,6E
05-05-2021 01:19:15.944,944,RECV,6F6E
05-05-2021 01:19:16.194,945,SENT,65
05-05-2021 01:19:16.257,946,RECV,65
05-05-2021 01:19:16.678,947,SENT,3D
05-05-2021 01:19:16.693,948,RECV,3D
05-05-2021 01:19:17.503,949,SENT,31
05-05-2021 01:19:17.519,950,RECV,31
05-05-2021 01:19:17.628,951,SENT,35
05-05-2021 01:19:17.644,952,RECV,35
05-05-2021 01:19:17.800,953,SENT,0D
05-05-2021 01:19:17.831,954,RECV,0D0D0A4F4B0D0A
05-05-2021 01:19:18.583,955,SENT,61
05-05-2021 01:19:18.645,956,RECV,61
05-05-2021 01:19:18.708,957,SENT,74
05-05-2021 01:19:18.770,958,RECV,74
05-05-2021 01:19:19.205,959,SENT,2B
05-05-2021 01:19:19.221,960,RECV,2B
05-05-2021 01:19:19.643,961,SENT,63
05-05-2021 01:19:19.658,962,RECV,63
05-05-2021 01:19:19.783,963,SENT,70
05-05-2021 01:19:19.846,964,RECV,70
05-05-2021 01:19:19.940,965,SENT,74
05-05-2021 01:19:19.971,966,RECV,74
05-05-2021 01:19:20.127,967,SENT,6F
05-05-2021 01:19:20.159,968,RECV,6F
05-05-2021 01:19:20.159,969,SENT,6E
05-05-2021 01:19:20.221,970,RECV,6E
05-05-2021 01:19:20.268,971,SENT,65
05-05-2021 01:19:20.283,972,RECV,65
05-05-2021 01:19:21.189,973,SENT,3D
05-05-2021 01:19:21.236,974,RECV,3D
05-05-2021 01:19:23.656,975,SENT,31
05-05-2021 01:19:23.687,976,RECV,31
05-05-2021 01:19:23.812,977,SENT,36
05-05-2021 01:19:23.874,978,RECV,36
05-05-2021 01:19:24.791,979,SENT,0D
05-05-2021 01:19:24.822,980,RECV,0D0D0A4F4B0D0A
05-05-2021 01:19:25.847,981,SENT,61
05-05-2021 01:19:25.897,982,RECV,61
05-05-2021 01:19:26.084,983,SENT,74
05-05-2021 01:19:26.145,984,RECV,74
05-05-2021 01:19:26.980,985,SENT,2B
05-05-2021 01:19:27.027,986,RECV,2B
05-05-2021 01:19:28.703,987,SENT,63
05-05-2021 01:19:28.735,988,RECV,63
05-05-2021 01:19:28.860,989,SENT,70
05-05-2021 01:19:28.922,990,RECV,70
05-05-2021 01:19:29.016,991,SENT,74
05-05-2021 01:19:29.047,992,RECV,74
05-05-2021 01:19:29.164,993,SENT,6F
05-05-2021 01:19:29.180,994,RECV,6F
05-05-2021 01:19:29.321,995,SENT,6E
05-05-2021 01:19:29.336,996,SENT,65
05-05-2021 01:19:29.368,997,RECV,6E65
05-05-2021 01:19:29.649,998,SENT,3D
05-05-2021 01:19:29.680,999,RECV,3D
05-05-2021 01:19:29.883,1000,SENT,31
05-05-2021 01:19:29.930,1001,RECV,31
05-05-2021 01:19:30.289,1002,SENT,37
05-05-2021 01:19:30.305,1003,RECV,37
05-05-2021 01:19:32.733,1004,SENT,0D
05-05-2021 01:19:32.764,1005,RECV,0D0D0A4F4B0D0A
05-05-2021 01:20:01.295,1006,SENT,61
05-05-2021 01:20:01.310,1007,RECV,61
05-05-2021 01:20:01.559,1008,SENT,74
05-05-2021 01:20:01.621,1009,RECV,74
05-05-2021 01:20:02.043,1010,SENT,2B
05-05-2021 01:20:02.059,1011,RECV,2B
05-05-2021 01:20:02.856,1012,SENT,63
05-05-2021 01:20:02.887,1013,RECV,63
05-05-2021 01:20:02.981,1014,SENT,70
05-05-2021 01:20:03.012,1015,RECV,70
05-05-2021 01:20:03.201,1016,SENT,74
05-05-2021 01:20:03.263,1017,RECV,74
05-05-2021 01:20:03.342,1018,SENT,6F
05-05-2021 01:20:03.388,1019,RECV,6F
05-05-2021 01:20:03.490,1020,SENT,6E
05-05-2021 01:20:03.490,1021,SENT,65
05-05-2021 01:20:03.506,1022,RECV,6E65
05-05-2021 01:20:04.381,1023,SENT,3D
05-05-2021 01:20:04.443,1024,RECV,3D
05-05-2021 01:20:04.673,1025,SENT,31
05-05-2021 01:20:04.704,1026,RECV,31
05-05-2021 01:20:04.814,1027,SENT,38
05-05-2021 01:20:04.829,1028,RECV,38
05-05-2021 01:20:05.497,1029,SENT,0D
05-05-2021 01:20:05.575,1030,RECV,0D0D0A4F4B0D0A
05-05-2021 01:20:08.651,1031,SENT,61
05-05-2021 01:20:08.713,1032,RECV,61
05-05-2021 01:20:08.806,1033,SENT,74
05-05-2021 01:20:08.838,1034,RECV,74
05-05-2021 01:20:09.444,1035,SENT,2B
05-05-2021 01:20:09.475,1036,RECV,2B
05-05-2021 01:20:10.343,1037,SENT,63
05-05-2021 01:20:10.405,1038,RECV,63
05-05-2021 01:20:10.483,1039,SENT,70
05-05-2021 01:20:10.530,1040,RECV,70
05-05-2021 01:20:10.765,1041,SENT,74
05-05-2021 01:20:10.780,1042,RECV,74
05-05-2021 01:20:10.921,1043,SENT,6F
05-05-2021 01:20:10.936,1044,SENT,6E
05-05-2021 01:20:10.968,1045,RECV,6F6E
05-05-2021 01:20:11.077,1046,SENT,65
05-05-2021 01:20:11.093,1047,RECV,65
05-05-2021 01:20:11.759,1048,SENT,3D
05-05-2021 01:20:11.790,1049,RECV,3D
05-05-2021 01:20:18.514,1050,SENT,31
05-05-2021 01:20:18.531,1051,RECV,31
05-05-2021 01:20:18.639,1052,SENT,39
05-05-2021 01:20:18.655,1053,RECV,39
05-05-2021 01:20:19.793,1054,SENT,0D
05-05-2021 01:20:19.856,1055,RECV,0D0D0A4F4B0D0A
05-05-2021 01:20:22.223,1056,SENT,61
05-05-2021 01:20:22.255,1057,RECV,61
05-05-2021 01:20:22.332,1058,SENT,74
05-05-2021 01:20:22.379,1059,RECV,74
05-05-2021 01:20:22.723,1060,SENT,2B
05-05-2021 01:20:22.754,1061,RECV,2B
05-05-2021 01:20:27.159,1062,SENT,63
05-05-2021 01:20:27.221,1063,RECV,63
05-05-2021 01:20:27.315,1064,SENT,70
05-05-2021 01:20:27.346,1065,RECV,70
05-05-2021 01:20:27.566,1066,SENT,74
05-05-2021 01:20:27.597,1067,RECV,74
05-05-2021 01:20:27.700,1068,SENT,6F
05-05-2021 01:20:27.731,1069,RECV,6F
05-05-2021 01:20:28.418,1070,SENT,6E
05-05-2021 01:20:28.481,1071,RECV,6E
05-05-2021 01:20:28.575,1072,SENT,65
05-05-2021 01:20:28.606,1073,RECV,65
05-05-2021 01:20:30.472,1074,SENT,3D
05-05-2021 01:20:30.487,1075,RECV,3D
05-05-2021 01:20:31.331,1076,SENT,32
05-05-2021 01:20:31.362,1077,RECV,32
05-05-2021 01:20:31.440,1078,SENT,30
05-05-2021 01:20:31.488,1079,RECV,30
05-05-2021 01:20:31.729,1080,SENT,0D
05-05-2021 01:20:31.791,1081,RECV,0D0D0A4F4B0D0A
05-05-2021 01:20:35.307,1082,SENT,61
05-05-2021 01:20:35.354,1083,RECV,61
05-05-2021 01:20:35.448,1084,SENT,74
05-05-2021 01:20:35.479,1085,RECV,74
05-05-2021 01:20:35.978,1086,SENT,2B
05-05-2021 01:20:36.041,1087,RECV,2B
05-05-2021 01:20:36.322,1088,SENT,63
05-05-2021 01:20:36.353,1089,RECV,63
05-05-2021 01:20:36.462,1090,SENT,70
05-05-2021 01:20:36.478,1091,RECV,70
05-05-2021 01:20:38.927,1092,SENT,74
05-05-2021 01:20:39.005,1093,RECV,74
05-05-2021 01:20:39.052,1094,SENT,6F
05-05-2021 01:20:39.067,1095,RECV,6F
05-05-2021 01:20:39.177,1096,SENT,6E
05-05-2021 01:20:39.177,1097,SENT,65
05-05-2021 01:20:39.192,1098,RECV,6E65
05-05-2021 01:20:40.363,1099,SENT,3D
05-05-2021 01:20:40.394,1100,RECV,3D
05-05-2021 01:20:42.202,1101,SENT,32
05-05-2021 01:20:42.249,1102,RECV,32
05-05-2021 01:20:42.342,1103,SENT,31
05-05-2021 01:20:42.374,1104,RECV,31
05-05-2021 01:20:42.686,1105,SENT,0D
05-05-2021 01:20:42.749,1106,RECV,0D0D0A4F4B0D0A
05-05-2021 01:20:43.484,1107,SENT,61
05-05-2021 01:20:43.499,1108,RECV,61
05-05-2021 01:20:43.624,1109,SENT,74
05-05-2021 01:20:43.687,1110,RECV,74
05-05-2021 01:20:44.541,1111,SENT,2B
05-05-2021 01:20:44.557,1112,RECV,2B
05-05-2021 01:20:44.979,1113,SENT,63
05-05-2021 01:20:44.994,1114,RECV,63
05-05-2021 01:20:45.119,1115,SENT,70
05-05-2021 01:20:45.182,1116,RECV,70
05-05-2021 01:20:45.400,1117,SENT,74
05-05-2021 01:20:45.432,1118,RECV,74
05-05-2021 01:20:45.541,1119,SENT,6F
05-05-2021 01:20:45.541,1120,SENT,6E
05-05-2021 01:20:45.557,1121,RECV,6F6E
05-05-2021 01:20:45.683,1122,SENT,65
05-05-2021 01:20:45.736,1123,RECV,65
05-05-2021 01:20:46.853,1124,SENT,3D
05-05-2021 01:20:46.916,1125,RECV,3D
05-05-2021 01:20:47.229,1126,SENT,32
05-05-2021 01:20:47.291,1127,RECV,32
05-05-2021 01:20:47.478,1128,SENT,32
05-05-2021 01:20:47.541,1129,RECV,32
05-05-2021 01:20:47.746,1130,SENT,0D
05-05-2021 01:20:47.792,1131,RECV,0D0D0A4F4B0D0A
05-05-2021 01:20:57.635,1132,SENT,61
05-05-2021 01:20:57.665,1133,RECV,61
05-05-2021 01:20:57.759,1134,SENT,74
05-05-2021 01:20:57.790,1135,RECV,74
05-05-2021 01:20:58.303,1136,SENT,2B
05-05-2021 01:20:58.349,1137,RECV,2B
05-05-2021 01:20:58.631,1138,SENT,63
05-05-2021 01:20:58.662,1139,RECV,63
05-05-2021 01:20:58.771,1140,SENT,70
05-05-2021 01:20:58.787,1141,RECV,70
05-05-2021 01:20:58.959,1142,SENT,74
05-05-2021 01:20:58.974,1143,RECV,74
05-05-2021 01:20:59.146,1144,SENT,6F
05-05-2021 01:20:59.162,1145,RECV,6F
05-05-2021 01:20:59.256,1146,SENT,6E
05-05-2021 01:20:59.287,1147,RECV,6E
05-05-2021 01:20:59.287,1148,SENT,65
05-05-2021 01:20:59.349,1149,RECV,65
05-05-2021 01:20:59.972,1150,SENT,3D
05-05-2021 01:21:00.034,1151,RECV,3D
05-05-2021 01:21:00.738,1152,SENT,32
05-05-2021 01:21:00.785,1153,RECV,32
05-05-2021 01:21:00.862,1154,SENT,33
05-05-2021 01:21:00.909,1155,RECV,33
05-05-2021 01:21:01.409,1156,SENT,0D
05-05-2021 01:21:01.472,1157,RECV,0D0D0A4F4B0D0A
05-05-2021 01:21:04.904,1158,SENT,61
05-05-2021 01:21:04.936,1159,RECV,61
05-05-2021 01:21:05.045,1160,SENT,74
05-05-2021 01:21:05.060,1161,RECV,74
05-05-2021 01:21:06.466,1162,SENT,2B
05-05-2021 01:21:06.497,1163,RECV,2B
05-05-2021 01:21:06.841,1164,SENT,63
05-05-2021 01:21:06.872,1165,RECV,63
05-05-2021 01:21:06.966,1166,SENT,70
05-05-2021 01:21:06.997,1167,RECV,70
05-05-2021 01:21:07.232,1168,SENT,74
05-05-2021 01:21:07.247,1169,RECV,74
05-05-2021 01:21:07.372,1170,SENT,6F
05-05-2021 01:21:07.403,1171,SENT,6E
05-05-2021 01:21:07.435,1172,RECV,6F6E
05-05-2021 01:21:07.544,1173,SENT,65
05-05-2021 01:21:07.559,1174,RECV,65
05-05-2021 01:21:09.169,1175,SENT,3D
05-05-2021 01:21:09.200,1176,RECV,3D
05-05-2021 01:21:09.449,1177,SENT,32
05-05-2021 01:21:09.512,1178,RECV,32
05-05-2021 01:21:09.605,1179,SENT,34
05-05-2021 01:21:09.637,1180,RECV,34
05-05-2021 01:21:10.059,1181,SENT,0D
05-05-2021 01:21:10.075,1182,RECV,0D0D0A4F4B0D0A
05-05-2021 01:21:13.512,1183,SENT,61
05-05-2021 01:21:13.559,1184,RECV,61
05-05-2021 01:21:13.793,1185,SENT,74
05-05-2021 01:21:13.809,1186,RECV,74
05-05-2021 01:21:14.388,1187,SENT,2B
05-05-2021 01:21:14.434,1188,RECV,2B
05-05-2021 01:21:15.419,1189,SENT,63
05-05-2021 01:21:15.434,1190,RECV,63
05-05-2021 01:21:15.590,1191,SENT,70
05-05-2021 01:21:15.622,1192,RECV,70
05-05-2021 01:21:15.778,1193,SENT,74
05-05-2021 01:21:15.809,1194,RECV,74
05-05-2021 01:21:15.950,1195,SENT,6F
05-05-2021 01:21:15.997,1196,RECV,6F
05-05-2021 01:21:16.076,1197,SENT,6E
05-05-2021 01:21:16.123,1198,RECV,6E
05-05-2021 01:21:16.123,1199,SENT,65
05-05-2021 01:21:16.185,1200,RECV,65
05-05-2021 01:21:23.152,1201,SENT,3D
05-05-2021 01:21:23.199,1202,RECV,3D
05-05-2021 01:21:23.308,1203,SENT,32
05-05-2021 01:21:23.324,1204,RECV,32
05-05-2021 01:21:23.558,1205,SENT,35
05-05-2021 01:21:23.574,1206,RECV,35
05-05-2021 01:21:23.996,1207,SENT,0D
05-05-2021 01:21:24.011,1208,RECV,0D0D0A4F4B0D0A
05-05-2021 01:21:31.524,1209,SENT,61
05-05-2021 01:21:31.570,1210,RECV,61
05-05-2021 01:21:31.695,1211,SENT,74
05-05-2021 01:21:31.758,1212,RECV,74
05-05-2021 01:21:32.336,1213,SENT,2B
05-05-2021 01:21:32.383,1214,RECV,2B
05-05-2021 01:21:34.599,1215,SENT,63
05-05-2021 01:21:34.646,1216,RECV,63
05-05-2021 01:21:34.755,1217,SENT,70
05-05-2021 01:21:34.770,1218,RECV,70
05-05-2021 01:21:35.974,1219,SENT,74
05-05-2021 01:21:36.020,1220,RECV,74
05-05-2021 01:21:36.114,1221,SENT,6F
05-05-2021 01:21:36.145,1222,RECV,6F
05-05-2021 01:21:36.145,1223,SENT,6E
05-05-2021 01:21:36.205,1224,RECV,6E
05-05-2021 01:21:36.284,1225,SENT,65
05-05-2021 01:21:36.331,1226,RECV,65
05-05-2021 01:21:38.338,1227,SENT,3D
05-05-2021 01:21:38.385,1228,RECV,3D
05-05-2021 01:21:38.634,1229,SENT,32
05-05-2021 01:21:38.697,1230,RECV,32
05-05-2021 01:21:39.009,1231,SENT,36
05-05-2021 01:21:39.072,1232,RECV,36
05-05-2021 01:21:39.900,1233,SENT,0D
05-05-2021 01:21:39.963,1234,RECV,0D0D0A4F4B0D0A
05-05-2021 01:21:42.992,1235,SENT,61
05-05-2021 01:21:43.039,1236,RECV,61
05-05-2021 01:21:43.148,1237,SENT,74
05-05-2021 01:21:43.164,1238,RECV,74
05-05-2021 01:21:43.539,1239,SENT,2B
05-05-2021 01:21:43.602,1240,RECV,2B
05-05-2021 01:21:43.898,1241,SENT,63
05-05-2021 01:21:43.914,1242,RECV,63
05-05-2021 01:21:44.055,1243,SENT,70
05-05-2021 01:21:44.102,1244,RECV,70
05-05-2021 01:21:44.237,1245,SENT,74
05-05-2021 01:21:44.283,1246,RECV,74
05-05-2021 01:21:44.503,1247,SENT,6F
05-05-2021 01:21:44.503,1248,SENT,6E
05-05-2021 01:21:44.535,1249,RECV,6F6E
05-05-2021 01:21:44.535,1250,SENT,65
05-05-2021 01:21:44.597,1251,RECV,65
05-05-2021 01:21:45.300,1252,SENT,3D
05-05-2021 01:21:45.347,1253,RECV,3D
05-05-2021 01:21:45.456,1254,SENT,31
05-05-2021 01:21:45.472,1255,RECV,31
05-05-2021 01:21:45.613,1256,SENT,0D
05-05-2021 01:21:45.660,1257,RECV,0D0D0A4F4B0D0A
05-05-2021 01:21:46.634,1258,SENT,61
05-05-2021 01:21:46.650,1259,RECV,61
05-05-2021 01:21:46.791,1260,SENT,74
05-05-2021 01:21:46.837,1261,RECV,74
05-05-2021 01:21:47.275,1262,SENT,2B
05-05-2021 01:21:47.337,1263,RECV,2B
05-05-2021 01:21:47.650,1264,SENT,63
05-05-2021 01:21:47.712,1265,RECV,63
05-05-2021 01:21:47.790,1266,SENT,70
05-05-2021 01:21:47.837,1267,RECV,70
05-05-2021 01:21:47.947,1268,SENT,74
05-05-2021 01:21:47.962,1269,RECV,74
05-05-2021 01:21:48.165,1270,SENT,6F
05-05-2021 01:21:48.181,1271,SENT,6E
05-05-2021 01:21:48.212,1272,RECV,6F6E
05-05-2021 01:21:48.315,1273,SENT,65
05-05-2021 01:21:48.346,1274,RECV,65
05-05-2021 01:21:48.707,1275,SENT,3D
05-05-2021 01:21:48.723,1276,RECV,3D
05-05-2021 01:21:49.832,1277,SENT,32
05-05-2021 01:21:49.848,1278,RECV,32
05-05-2021 01:21:49.988,1279,SENT,36
05-05-2021 01:21:50.035,1280,RECV,36
05-05-2021 01:21:50.459,1281,SENT,0D
05-05-2021 01:21:50.469,1282,RECV,0D0D0A4F4B0D0A
05-05-2021 01:21:51.480,1283,SENT,61
05-05-2021 01:21:51.527,1284,RECV,61
05-05-2021 01:21:51.620,1285,SENT,74
05-05-2021 01:21:51.652,1286,RECV,74
05-05-2021 01:21:52.120,1287,SENT,2B
05-05-2021 01:21:52.152,1288,RECV,2B
05-05-2021 01:21:52.460,1289,SENT,63
05-05-2021 01:21:52.523,1290,RECV,63
05-05-2021 01:21:52.617,1291,SENT,70
05-05-2021 01:21:52.648,1292,RECV,70
05-05-2021 01:21:52.773,1293,SENT,74
05-05-2021 01:21:52.836,1294,RECV,74
05-05-2021 01:21:52.930,1295,SENT,6F
05-05-2021 01:21:52.961,1296,RECV,6F
05-05-2021 01:21:53.070,1297,SENT,6E
05-05-2021 01:21:53.070,1298,SENT,65
05-05-2021 01:21:53.086,1299,RECV,6E
05-05-2021 01:21:53.148,1300,RECV,65
05-05-2021 01:21:57.511,1301,SENT,3D
05-05-2021 01:21:57.558,1302,RECV,3D
05-05-2021 01:21:57.698,1303,SENT,31
05-05-2021 01:21:57.745,1304,RECV,31
05-05-2021 01:21:57.964,1305,SENT,0D
05-05-2021 01:21:57.995,1306,RECV,0D0D0A4F4B0D0A
05-05-2021 01:22:05.387,1307,SENT,617464373139323636323833370D
05-05-2021 01:22:05.415,1308,RECV,617464373139323636323833370D
05-05-2021 01:22:37.536,1309,RECV,0D0A4E4F20434152524945520D0A
05-05-2021 01:25:31.154,1310,SENT,617464373139323636323833373B0D
05-05-2021 01:25:31.196,1311,RECV,617464373139323636323833373B0D0D0A4F4B0D0A
05-05-2021 01:25:59.080,1312,SENT,6174680D
05-05-2021 01:25:59.082,1313,RECV,6174680D0D0A4F4B0D0A
05-05-2021 01:26:02.698,1314,RECV,0D0A564F4943452043414C4C3A20454E443A203030303030300D0A0D0A4E4F20434152524945520D0A
05-05-2021 01:26:39.636,1315,SENT,61746437313932363632383337493B0D
05-05-2021 01:26:39.641,1316,RECV,61746437313932363632383337493B0D
05-05-2021 01:26:39.696,1317,RECV,0D0A4F4B0D0A
05-05-2021 01:27:10.743,1318,RECV,0D0A564F4943452043414C4C3A20454E443A203030303030300D0A0D0A4E4F20434152524945520D0A
05-05-2021 01:28:19.417,1319,SENT,61742B636F70733D312C322C227878787878222C37
05-05-2021 01:28:19.447,1320,RECV,61742B636F70733D312C322C227878787878222C37
05-05-2021 01:28:35.351,1321,SENT,6A
05-05-2021 01:28:35.351,1322,SENT,6B
05-05-2021 01:28:35.398,1323,RECV,6A6B
05-05-2021 01:28:35.508,1324,SENT,6E
05-05-2021 01:28:35.508,1325,SENT,67
05-05-2021 01:28:35.523,1326,RECV,6E67
05-05-2021 01:28:35.539,1327,SENT,6B
05-05-2021 01:28:35.539,1328,SENT,6A
05-05-2021 01:28:35.570,1329,SENT,65
05-05-2021 01:28:35.586,1330,RECV,6B6A65
05-05-2021 01:28:35.679,1331,SENT,73
05-05-2021 01:28:35.679,1332,SENT,6E
05-05-2021 01:28:35.679,1333,SENT,67
05-05-2021 01:28:35.711,1334,RECV,736E67
05-05-2021 01:28:35.726,1335,SENT,72
05-05-2021 01:28:35.773,1336,RECV,72
05-05-2021 01:28:35.845,1337,SENT,6E
05-05-2021 01:28:35.845,1338,SENT,65
05-05-2021 01:28:35.893,1339,RECV,6E65
05-05-2021 01:28:36.011,1340,SENT,67
05-05-2021 01:28:36.011,1341,SENT,6C
05-05-2021 01:28:36.073,1342,RECV,676C
05-05-2021 01:28:36.886,1343,SENT,0D
05-05-2021 01:28:36.902,1344,RECV,0D0D0A4552524F520D0A
05-05-2021 01:37:24.995,1345,SENT,61
05-05-2021 01:37:25.058,1346,RECV,61
05-05-2021 01:37:25.182,1347,SENT,74
05-05-2021 01:37:25.245,1348,RECV,74
05-05-2021 01:37:25.760,1349,SENT,2B
05-05-2021 01:37:25.807,1350,RECV,2B
05-05-2021 01:37:26.354,1351,SENT,63
05-05-2021 01:37:26.371,1352,RECV,63
05-05-2021 01:37:26.725,1353,SENT,6E
05-05-2021 01:37:26.746,1354,RECV,6E
05-05-2021 01:37:27.492,1355,SENT,75
05-05-2021 01:37:27.554,1356,RECV,75
05-05-2021 01:37:28.690,1357,SENT,6D
05-05-2021 01:37:28.736,1358,RECV,6D
05-05-2021 01:37:29.114,1359,SENT,2B
05-05-2021 01:37:29.161,1360,RECV,2B
05-05-2021 01:37:32.431,1361,SENT,0D
05-05-2021 01:37:32.494,1362,RECV,0D0D0A4552524F520D0A
05-05-2021 01:37:33.154,1363,SENT,61
05-05-2021 01:37:33.170,1364,RECV,61
05-05-2021 01:37:33.311,1365,SENT,74
05-05-2021 01:37:33.358,1366,RECV,74
05-05-2021 01:37:34.514,1367,SENT,2B
05-05-2021 01:37:34.561,1368,RECV,2B
05-05-2021 01:37:34.976,1369,SENT,63
05-05-2021 01:37:34.999,1370,RECV,63
05-05-2021 01:37:35.129,1371,SENT,6E
05-05-2021 01:37:35.165,1372,RECV,6E
05-05-2021 01:37:35.275,1373,SENT,75
05-05-2021 01:37:35.290,1374,RECV,75
05-05-2021 01:37:35.431,1375,SENT,6D
05-05-2021 01:37:35.478,1376,RECV,6D
05-05-2021 01:37:39.294,1377,SENT,3D
05-05-2021 01:37:39.357,1378,RECV,3D
05-05-2021 01:37:40.073,1379,SENT,3F
05-05-2021 01:37:40.104,1380,RECV,3F
05-05-2021 01:37:40.370,1381,SENT,0D
05-05-2021 01:37:40.417,1382,RECV,0D0D0A4F4B0D0A
05-05-2021 01:37:41.208,1383,SENT,61
05-05-2021 01:37:41.240,1384,RECV,61
05-05-2021 01:37:41.505,1385,SENT,74
05-05-2021 01:37:41.552,1386,RECV,74
05-05-2021 01:37:41.886,1387,SENT,2B
05-05-2021 01:37:41.927,1388,RECV,2B
05-05-2021 01:37:42.237,1389,SENT,63
05-05-2021 01:37:42.299,1390,RECV,63
05-05-2021 01:37:42.404,1391,SENT,6E
05-05-2021 01:37:42.420,1392,RECV,6E
05-05-2021 01:37:42.545,1393,SENT,75
05-05-2021 01:37:42.607,1394,RECV,75
05-05-2021 01:37:42.701,1395,SENT,6D
05-05-2021 01:37:42.732,1396,RECV,6D
05-05-2021 01:37:43.784,1397,SENT,0D
05-05-2021 01:37:43.799,1398,RECV,0D0D0A2B434E554D3A202C223133363034363438323132222C3132390D0A0D0A4F4B0D0A
05-05-2021 01:39:30.939,1399,SENT,61
05-05-2021 01:39:30.963,1400,RECV,61
05-05-2021 01:39:31.108,1401,SENT,74
05-05-2021 01:39:31.153,1402,RECV,74
05-05-2021 01:39:31.778,1403,SENT,2B
05-05-2021 01:39:31.784,1404,RECV,2B
05-05-2021 01:39:32.981,1405,SENT,63
05-05-2021 01:39:33.036,1406,RECV,63
05-05-2021 01:39:33.301,1407,SENT,67
05-05-2021 01:39:33.351,1408,RECV,67
05-05-2021 01:39:35.482,1409,SENT,70
05-05-2021 01:39:35.537,1410,RECV,70
05-05-2021 01:39:35.597,1411,SENT,73
05-05-2021 01:39:35.599,1412,RECV,73
05-05-2021 01:39:44.904,1413,SENT,0D
05-05-2021 01:39:44.922,1414,RECV,0D0D0A4552524F520D0A
05-05-2021 01:39:47.797,1415,SENT,61
05-05-2021 01:39:47.851,1416,RECV,61
05-05-2021 01:39:47.968,1417,SENT,74
05-05-2021 01:39:47.978,1418,RECV,74
05-05-2021 01:39:49.258,1419,SENT,2B
05-05-2021 01:39:49.293,1420,RECV,2B
05-05-2021 01:39:50.067,1421,SENT,63
05-05-2021 01:39:50.107,1422,RECV,63
05-05-2021 01:39:50.328,1423,SENT,67
05-05-2021 01:39:50.360,1424,RECV,67
05-05-2021 01:39:50.643,1425,SENT,70
05-05-2021 01:39:50.679,1426,RECV,70
05-05-2021 01:39:50.806,1427,SENT,73
05-05-2021 01:39:50.867,1428,RECV,73
05-05-2021 01:39:51.149,1429,SENT,3D
05-05-2021 01:39:51.182,1430,RECV,3D
05-05-2021 01:39:51.318,1431,SENT,31
05-05-2021 01:39:51.370,1432,RECV,31
05-05-2021 01:39:51.624,1433,SENT,0D
05-05-2021 01:39:51.685,1434,RECV,0D0D0A4F4B0D0A
05-05-2021 01:40:11.023,1435,SENT,617464373139323636323833373B0D
05-05-2021 01:40:11.046,1436,RECV,617464373139323636323833373B0D
05-05-2021 01:40:11.110,1437,RECV,0D0A4F4B0D0A
05-05-2021 01:40:43.361,1438,RECV,0D0A564F4943452043414C4C3A20454E443A203030303030300D0A0D0A4E4F20434152524945520D0A
05-05-2021 01:40:50.637,1439,SENT,6174680D
05-05-2021 01:40:50.659,1440,RECV,6174680D0D0A4F4B0D0A
05-05-2021 01:41:08.550,1441,SENT,61742B636770733D300D
05-05-2021 01:41:08.575,1442,RECV,61742B636770733D300D0D0A4F4B0D0A
05-05-2021 01:41:10.626,1443,RECV,0D0A2B434750533A20300D0A
05-05-2021 01:44:48.717,1444,SENT,61
05-05-2021 01:44:48.732,1445,RECV,61
05-05-2021 01:44:49.023,1446,SENT,74
05-05-2021 01:44:49.046,1447,RECV,74
05-05-2021 01:44:49.519,1448,SENT,2B
05-05-2021 01:44:49.535,1449,RECV,2B
05-05-2021 01:44:53.867,1450,SENT,63
05-05-2021 01:44:53.875,1451,RECV,63
05-05-2021 01:44:54.356,1452,SENT,67
05-05-2021 01:44:54.372,1453,RECV,67
05-05-2021 01:44:54.775,1454,SENT,61
05-05-2021 01:44:54.823,1455,RECV,61
05-05-2021 01:44:55.095,1456,SENT,63
05-05-2021 01:44:55.142,1457,RECV,63
05-05-2021 01:44:55.423,1458,SENT,74
05-05-2021 01:44:55.454,1459,RECV,74
05-05-2021 01:44:57.172,1460,SENT,3F
05-05-2021 01:44:57.195,1461,RECV,3F
05-05-2021 01:44:57.335,1462,SENT,0D
05-05-2021 01:44:57.382,1463,RECV,0D0D0A2B43474143543A20312C300D0A0D0A4F4B0D0A
05-05-2021 01:45:53.475,1464,SENT,61
05-05-2021 01:45:53.537,1465,RECV,61
05-05-2021 01:45:53.647,1466,SENT,74
05-05-2021 01:45:53.662,1467,RECV,74
05-05-2021 01:45:54.692,1468,SENT,2B
05-05-2021 01:45:54.723,1469,RECV,2B
05-05-2021 01:45:55.186,1470,SENT,63
05-05-2021 01:45:55.202,1471,RECV,63
05-05-2021 01:45:55.717,1472,SENT,67
05-05-2021 01:45:55.764,1473,RECV,67
05-05-2021 01:45:56.088,1474,SENT,6D
05-05-2021 01:45:56.135,1475,RECV,6D
05-05-2021 01:45:56.431,1476,SENT,69
05-05-2021 01:45:56.447,1477,RECV,69
05-05-2021 01:45:56.603,1478,SENT,0D
05-05-2021 01:45:56.635,1479,RECV,0D0D0A53494D434F4D20494E434F52504F52415445440D0A0D0A4F4B0D0A
05-05-2021 01:46:26.126,1480,SENT,61
05-05-2021 01:46:26.141,1481,RECV,61
05-05-2021 01:46:26.430,1482,SENT,74
05-05-2021 01:46:26.457,1483,RECV,74
05-05-2021 01:46:26.832,1484,SENT,2B
05-05-2021 01:46:26.879,1485,RECV,2B
05-05-2021 01:46:27.546,1486,SENT,63
05-05-2021 01:46:27.562,1487,RECV,63
05-05-2021 01:46:27.765,1488,SENT,67
05-05-2021 01:46:27.812,1489,RECV,67
05-05-2021 01:46:27.999,1490,SENT,6D
05-05-2021 01:46:28.062,1491,RECV,6D
05-05-2021 01:46:28.828,1492,SENT,0D
05-05-2021 01:46:28.875,1493,RECV,0D0D0A4552524F520D0A
05-05-2021 01:46:30.538,1494,SENT,61
05-05-2021 01:46:30.569,1495,RECV,61
05-05-2021 01:46:30.709,1496,SENT,74
05-05-2021 01:46:30.756,1497,RECV,74
05-05-2021 01:46:31.178,1498,SENT,2B
05-05-2021 01:46:31.194,1499,RECV,2B
05-05-2021 01:46:31.953,1500,SENT,63
05-05-2021 01:46:32.000,1501,RECV,63
05-05-2021 01:46:32.187,1502,SENT,67
05-05-2021 01:46:32.249,1503,RECV,67
05-05-2021 01:46:32.531,1504,SENT,6D
05-05-2021 01:46:32.563,1505,RECV,6D
05-05-2021 01:46:32.578,1506,SENT,6D
05-05-2021 01:46:32.625,1507,RECV,6D
05-05-2021 01:46:32.875,1508,SENT,0D
05-05-2021 01:46:32.938,1509,RECV,0D0D0A53494D434F4D5F53494D35333230410D0A0D0A4F4B0D0A
05-05-2021 01:47:39.179,1510,SENT,61
05-05-2021 01:47:39.210,1511,RECV,61
05-05-2021 01:47:39.487,1512,SENT,74
05-05-2021 01:47:39.518,1513,RECV,74
05-05-2021 01:47:40.938,1514,SENT,2B
05-05-2021 01:47:40.953,1515,RECV,2B
05-05-2021 01:47:41.524,1516,SENT,63
05-05-2021 01:47:41.571,1517,RECV,63
05-05-2021 01:47:41.821,1518,SENT,69
05-05-2021 01:47:41.883,1519,RECV,69
05-05-2021 01:47:41.993,1520,SENT,6D
05-05-2021 01:47:42.008,1521,RECV,6D
05-05-2021 01:47:42.250,1522,SENT,69
05-05-2021 01:47:42.266,1523,RECV,69
05-05-2021 01:47:42.547,1524,SENT,0D
05-05-2021 01:47:42.579,1525,RECV,0D0D0A3331303236303134353833363434360D0A0D0A4F4B0D0A
05-05-2021 01:48:52.468,1526,SENT,61
05-05-2021 01:48:52.526,1527,RECV,61
05-05-2021 01:48:52.651,1528,SENT,74
05-05-2021 01:48:52.713,1529,RECV,74
05-05-2021 01:48:53.034,1530,SENT,2B
05-05-2021 01:48:53.081,1531,RECV,2B
05-05-2021 01:48:54.035,1532,SENT,67
05-05-2021 01:48:54.081,1533,RECV,67
05-05-2021 01:48:54.379,1534,SENT,63
05-05-2021 01:48:54.395,1535,RECV,63
05-05-2021 01:48:54.551,1536,SENT,61
05-05-2021 01:48:54.582,1537,RECV,61
05-05-2021 01:48:54.738,1538,SENT,70
05-05-2021 01:48:54.770,1539,RECV,70
05-05-2021 01:48:54.938,1540,SENT,0D
05-05-2021 01:48:54.954,1541,RECV,0D0D0A2B474341503A202B4347534D2C2B44532C2B45530D0A0D0A4F4B0D0A
05-05-2021 03:20:11.643,1542,SENT,61
05-05-2021 03:20:11.705,1543,RECV,61
05-05-2021 03:20:12.049,1544,SENT,74
05-05-2021 03:20:12.080,1545,RECV,74
05-05-2021 03:20:13.001,1546,SENT,0D
05-05-2021 03:20:13.064,1547,RECV,0D0D0A4F4B0D0A
05-05-2021 03:20:18.863,1548,SENT,61742B6370696E3F0D
05-05-2021 03:20:18.871,1549,RECV,61742B6370696E3F0D0D0A2B434D45204552524F523A2053494D206661696C7572650D0A
05-05-2021 03:20:37.281,1550,RECV,0D0A53544152540D0A
05-05-2021 03:20:46.931,1551,SENT,61740D
05-05-2021 03:20:46.961,1552,RECV,61740D0D0A4F4B0D0A
05-05-2021 03:20:50.747,1553,SENT,61742B6370696E3F0D
05-05-2021 03:20:50.777,1554,RECV,61742B6370696E3F0D0D0A2B434D45204552524F523A2053494D206661696C7572650D0A
05-05-2021 03:21:14.249,1555,SENT,61742B6370696E3F0D
05-05-2021 03:21:14.292,1556,RECV,61742B6370696E3F0D0D0A2B434D45204552524F523A2053494D206661696C7572650D0A
05-05-2021 03:21:29.308,1557,RECV,0D0A53544152540D0A0D0A2B5354494E3A2032350D0A
05-05-2021 03:21:29.749,1558,RECV,0D0A2B4350494E3A2052454144590D0A
05-05-2021 03:21:30.442,1559,RECV,0D0A4F504C20444F4E450D0A
05-05-2021 03:21:30.506,1560,RECV,0D0A504E4E20444F4E450D0A
05-05-2021 03:21:30.887,1561,RECV,0D0A534D5320444F4E450D0A
05-05-2021 03:21:31.010,1562,RECV,0D0A2B564F4943454D41494C3A20494E49545F53544154452C20302C20300D0A
05-05-2021 03:21:31.761,1563,RECV,0D0A504220444F4E450D0A
05-05-2021 03:21:36.700,1564,SENT,61742B6370696E3F0D
05-05-2021 03:21:36.722,1565,RECV,61742B6370696E3F0D0D0A2B4350494E3A2052454144590D0A0D0A4F4B0D0A
05-05-2021 03:21:40.224,1566,SENT,61742B63676174743D310D
05-05-2021 03:21:40.252,1567,RECV,61742B63676174743D310D
05-05-2021 03:21:44.273,1568,RECV,0D0A2B434D45204552524F523A206E6F206E6574776F726B20736572766963650D0A
05-05-2021 03:21:51.943,1569,SENT,61742B63677265673D3F0D
05-05-2021 03:21:52.004,1570,RECV,61742B63677265673D3F0D0D0A2B43475245473A2028302D32290D0A0D0A4F4B0D0A
05-05-2021 03:21:58.661,1571,SENT,61742B6373713D3F0D
05-05-2021 03:21:58.707,1572,RECV,61742B6373713D3F0D0D0A2B4353513A2028302D33312C3939292C28302D372C3939290D0A0D0A4F4B0D0A
05-05-2021 03:22:05.443,1573,SENT,617464373139323636323833373B0D
05-05-2021 03:22:05.471,1574,RECV,617464373139323636323833373B0D
05-05-2021 03:22:05.534,1575,RECV,0D0A4F4B0D0A
05-05-2021 03:22:37.250,1576,RECV,0D0A564F4943452043414C4C3A20454E443A203030303030300D0A
05-05-2021 03:22:37.313,1577,RECV,0D0A4E4F20434152524945520D0A
05-05-2021 03:22:43.839,1578,SENT,61742B636F70733D3F0D
05-05-2021 03:22:43.869,1579,RECV,61742B636F70733D3F0D
05-05-2021 03:23:02.712,1580,RECV,0D0A2B434F50533A2028312C2241542654222C2241542654222C22333130343130222C32292C2C28302C312C322C332C342C35292C28302C312C32290D0A0D0A4F4B0D0A
05-05-2021 03:32:02.721,1581,SENT,61742B63676174743D310D
05-05-2021 03:32:02.731,1582,RECV,61742B63676174743D310D
05-05-2021 03:32:06.613,1583,RECV,0D0A2B434D45204552524F523A206E6F206E6574776F726B20736572766963650D0A
05-05-2021 03:32:17.213,1584,SENT,617464373139323636323833373B0D
05-05-2021 03:32:17.241,1585,RECV,617464373139323636323833373B0D
05-05-2021 03:32:17.303,1586,RECV,0D0A4F4B0D0A
05-05-2021 03:32:47.691,1587,RECV,0D0A564F4943452043414C4C3A20454E443A203030303030300D0A0D0A4E4F20434152524945520D0A
05-05-2021 03:35:16.704,1588,SENT,617464333630343634383231323B0D
05-05-2021 03:35:16.711,1589,RECV,617464333630343634383231323B0D
05-05-2021 03:35:16.763,1590,RECV,0D0A4F4B0D0A
05-05-2021 03:35:48.867,1591,RECV,0D0A564F4943452043414C4C3A20454E443A203030303030300D0A0D0A4E4F20434152524945520D0A
